May 17, 2021 3:25:33 PM org.apache.catalina.core.ApplicationContext log
INFO: Destroying Spring FrameworkServlet 'server'
May 17, 2021 3:25:33 PM org.apache.catalina.core.ApplicationContext log
INFO: Closing Spring root WebApplicationContext
May 17, 2021 3:25:33 PM org.apache.catalina.core.ApplicationContext log
INFO: Destroying Spring FrameworkServlet 'server'
May 17, 2021 3:25:33 PM org.apache.catalina.core.ApplicationContext log
INFO: Closing Spring root WebApplicationContext
May 17, 2021 3:25:33 PM org.apache.catalina.core.ApplicationContext log
INFO: SessionListener: contextDestroyed()
May 17, 2021 3:25:33 PM org.apache.catalina.core.ApplicationContext log
INFO: ContextListener: contextDestroyed()
May 17, 2021 3:25:41 PM org.apache.catalina.core.ApplicationContext log
INFO: No Spring WebApplicationInitializer types detected on classpath
May 17, 2021 3:25:41 PM org.apache.catalina.core.ApplicationContext log
INFO: Initializing Spring root WebApplicationContext
May 17, 2021 3:25:42 PM org.apache.catalina.core.ApplicationContext log
INFO: Initializing Spring FrameworkServlet 'server'
May 17, 2021 3:25:44 PM org.apache.catalina.core.ApplicationContext log
INFO: No Spring WebApplicationInitializer types detected on classpath
May 17, 2021 3:25:44 PM org.apache.catalina.core.ApplicationContext log
INFO: Initializing Spring root WebApplicationContext
May 17, 2021 3:25:44 PM org.apache.catalina.core.ApplicationContext log
INFO: Initializing Spring FrameworkServlet 'server'
May 17, 2021 3:25:45 PM org.apache.catalina.core.ApplicationContext log
INFO: ContextListener: contextInitialized()
May 17, 2021 3:25:45 PM org.apache.catalina.core.ApplicationContext log
INFO: SessionListener: contextInitialized()
May 17, 2021 3:25:45 PM org.apache.catalina.core.ApplicationContext log
INFO: ContextListener: attributeAdded('StockTicker', 'async.Stockticker@788ab528')
May 17, 2021 3:25:45 PM org.apache.catalina.core.ApplicationContext log
INFO: ContextListener: attributeAdded('org.apache.jasper.compiler.TldLocationsCache', 'org.apache.jasper.compiler.TldLocationsCache@76ffbd95')
